<?xml version="1.0" encoding="UTF-8"?>
<!-- Generated by org.testng.reporters.JUnitReportReporter -->
<testsuite skipped="0" hostname="LAPTOP-018VTDCO" name="Tests.UsuarioTests" tests="1" failures="0" timestamp="2021-07-09T15:08:58 BRT" time="7.870" errors="0">
  <testcase name="tesInserirUsuario" time="7.870" classname="Tests.UsuarioTests"/>
  <system-out/>
</testsuite> <!-- Tests.UsuarioTests -->
